\BOOKMARK [0][-]{chapter.1}{Abstract}{}% 1
\BOOKMARK [0][-]{chapter.2}{Inhaltsverzeichnis}{}% 2
\BOOKMARK [0][-]{chapter.3}{Einleitung}{}% 3
\BOOKMARK [1][-]{section.3.1}{Motivation und Fragestellung}{chapter.3}% 4
\BOOKMARK [1][-]{section.3.2}{Aufgabenstellung}{chapter.3}% 5
\BOOKMARK [0][-]{chapter.4}{Projektplanung}{}% 6
\BOOKMARK [1][-]{section.4.1}{Projektplan}{chapter.4}% 7
\BOOKMARK [1][-]{section.4.2}{Zeitlicher Rahmen}{chapter.4}% 8
\BOOKMARK [1][-]{section.4.3}{Organisatorischer Rahmen}{chapter.4}% 9
\BOOKMARK [0][-]{chapter.5}{Analyse}{}% 10
\BOOKMARK [1][-]{section.5.1}{Fachliche Grundlagen}{chapter.5}% 11
\BOOKMARK [1][-]{section.5.2}{Technische Limitationen}{chapter.5}% 12
\BOOKMARK [1][-]{section.5.3}{Rechtliche Limitationen}{chapter.5}% 13
\BOOKMARK [0][-]{chapter.6}{Konzept}{}% 14
\BOOKMARK [1][-]{section.6.1}{Verminderung der D\344mpfung}{chapter.6}% 15
\BOOKMARK [1][-]{section.6.2}{Erh\366hung der Sendeleistung}{chapter.6}% 16
\BOOKMARK [1][-]{section.6.3}{Richtstrahlantenne}{chapter.6}% 17
\BOOKMARK [0][-]{chapter.7}{Umsetzung}{}% 18
\BOOKMARK [1][-]{section.7.1}{Vorgehen und Messungen}{chapter.7}% 19
\BOOKMARK [1][-]{section.7.2}{Richtstrahlantenne}{chapter.7}% 20
\BOOKMARK [1][-]{section.7.3}{Richtstrahlantenne II}{chapter.7}% 21
\BOOKMARK [1][-]{section.7.4}{Parabolspiegel}{chapter.7}% 22
\BOOKMARK [0][-]{chapter.8}{Review und Bewertung}{}% 23
\BOOKMARK [1][-]{section.8.1}{Richtstrahlantenne}{chapter.8}% 24
\BOOKMARK [1][-]{section.8.2}{Richtstrahlantenne II}{chapter.8}% 25
\BOOKMARK [1][-]{section.8.3}{Parabolspiegel}{chapter.8}% 26
\BOOKMARK [1][-]{section.8.4}{Bewertung}{chapter.8}% 27
\BOOKMARK [0][-]{chapter.9}{Fazit und Schlusswort}{}% 28
\BOOKMARK [0][-]{appendix.A}{Appendix}{}% 29
\BOOKMARK [1][-]{section.A.1}{Wavemon}{appendix.A}% 30
\BOOKMARK [1][-]{section.A.2}{Glossar}{appendix.A}% 31
\BOOKMARK [1][-]{section.A.3}{Quellenverzeichnis}{appendix.A}% 32
\BOOKMARK [1][-]{section.A.4}{Tabellenverzeichnis}{appendix.A}% 33
\BOOKMARK [1][-]{section.A.5}{Abbildungsverzeichnis}{appendix.A}% 34
